<?xml version="1.0" encoding="UTF-8"?>
<!-- Generated by org.testng.reporters.JUnitXMLReporter -->
<testsuite ignored="0" hostname="NAREN" failures="0" tests="4" name="Default test" time="0.206" errors="0" timestamp="2021-11-17T18:12:41 IST">
  <testcase classname="test.JavaStreamsTest" name="countTheNunmerOfAlphabets" time="0.026"/>
  <testcase classname="test.JavaStreamsTest" name="streamCollect" time="0.011"/>
  <testcase classname="test.JavaStreamsTest" name="streamFilterCountTheNumberOfAlphabets" time="0.008"/>
  <testcase classname="test.JavaStreamsTest" name="streamMap" time="0.016"/>
</testsuite> <!-- Default test -->
