<?xml version="1.0" encoding="UTF-8"?>
<!-- Generated by org.testng.reporters.JUnitXMLReporter -->
<testsuite ignored="2" hostname="NAREN" failures="0" tests="0" time="0.02" errors="0" timestamp="2021-11-06T16:39:40 IST">
  <testcase classname="com.herokuapp.theinternet.NegativeTests" name="incorrectUserNameTests" time="0.0">
    <ignored/>
  </testcase> <!-- incorrectUserNameTests -->
  <testcase classname="com.herokuapp.theinternet.NegativeTests" name="incorrectPasswordTests" time="0.0">
    <ignored/>
  </testcase> <!-- incorrectPasswordTests -->
</testsuite>
