<?xml version="1.0" encoding="UTF-8"?>
<!-- Generated by org.testng.reporters.JUnitXMLReporter -->
<testsuite ignored="1" hostname="NAREN" failures="0" tests="1" name="PositiveTests" time="29.196" errors="0" timestamp="2021-11-18T10:46:59 IST">
  <testcase classname="com.herokuapp.theinternet.LoginTests" name="positiveLoginTest" time="9.795"/>
  <testcase classname="com.herokuapp.theinternet.LoginTests" name="negativeLoginTest" time="0.0">
    <ignored/>
  </testcase> <!-- negativeLoginTest -->
</testsuite> <!-- PositiveTests -->
