<?xml version="1.0" encoding="UTF-8"?>
<!-- Generated by org.testng.reporters.JUnitXMLReporter -->
<testsuite ignored="1" hostname="NAREN" failures="0" tests="6" name="Personal Information" time="23.554" errors="0" timestamp="2022-01-08T16:41:39 IST">
  <testcase classname="Tests.PersonalInformation" name="doLogIn" time="9.122"/>
  <testcase classname="Tests.PersonalInformation" name="doLogIn" time="1.998"/>
  <testcase classname="Tests.PersonalInformation" name="getBasicPage" time="5.429"/>
  <testcase classname="Tests.PersonalInformation" name="getAdmissionsServicesMastersProductsPage" time="2.37"/>
  <testcase classname="Tests.PersonalInformation" name="clickonBoardAcademicInfoPage" time="0.286"/>
  <testcase classname="Tests.PersonalInformation" name="validateNegativeOnboardingPersonalInfo" time="2.451"/>
  <testcase classname="Tests.PersonalInformation" name="validateOnboardingPersonalInfo" time="0.0">
    <ignored/>
  </testcase> <!-- validateOnboardingPersonalInfo -->
</testsuite> <!-- Personal Information -->
