<?xml version="1.0" encoding="UTF-8"?>
<!-- Generated by org.testng.reporters.JUnitXMLReporter -->
<testsuite ignored="0" hostname="NAREN" failures="0" tests="2" name="NegativeTests" time="26.457" errors="0" timestamp="2021-11-06T13:41:08 IST">
  <testcase classname="com.herokuapp.theinternet.NegativeTests" name="incorrectPasswordTests" time="9.341"/>
  <testcase classname="com.herokuapp.theinternet.NegativeTests" name="incorrectUserNameTests" time="17.102"/>
</testsuite> <!-- NegativeTests -->
