<?xml version="1.0" encoding="UTF-8"?>
<testng-results ignored="3" total="6" passed="3" failed="0" skipped="0">
  <reporter-output>
  </reporter-output>
  <suite started-at="2021-11-18T10:46:30 IST" name="NegativeTestsSuite" finished-at="2021-11-18T10:47:42 IST" duration-ms="71660">
    <groups>
      <group name="positiveTests">
        <method signature="LoginTests.positiveLoginTest()[pri:1, instance:com.herokuapp.theinternet.LoginTests@73700b80]" name="positiveLoginTest" class="com.herokuapp.theinternet.LoginTests"/>
      </group> <!-- positiveTests -->
      <group name="smokeTests">
        <method signature="LoginTests.positiveLoginTest()[pri:1, instance:com.herokuapp.theinternet.LoginTests@73700b80]" name="positiveLoginTest" class="com.herokuapp.theinternet.LoginTests"/>
        <method signature="LoginTests.negativeLoginTest(java.lang.String,java.lang.String,java.lang.String)[pri:2, instance:com.herokuapp.theinternet.LoginTests@290222c1]" name="negativeLoginTest" class="com.herokuapp.theinternet.LoginTests"/>
        <method signature="LoginTests.negativeLoginTest(java.lang.String,java.lang.String,java.lang.String)[pri:2, instance:com.herokuapp.theinternet.LoginTests@27462a88]" name="negativeLoginTest" class="com.herokuapp.theinternet.LoginTests"/>
      </group> <!-- smokeTests -->
      <group name="negativeTests">
        <method signature="LoginTests.negativeLoginTest(java.lang.String,java.lang.String,java.lang.String)[pri:2, instance:com.herokuapp.theinternet.LoginTests@290222c1]" name="negativeLoginTest" class="com.herokuapp.theinternet.LoginTests"/>
        <method signature="LoginTests.negativeLoginTest(java.lang.String,java.lang.String,java.lang.String)[pri:2, instance:com.herokuapp.theinternet.LoginTests@27462a88]" name="negativeLoginTest" class="com.herokuapp.theinternet.LoginTests"/>
      </group> <!-- negativeTests -->
    </groups>
    <test started-at="2021-11-18T10:46:30 IST" name="PositiveTests" finished-at="2021-11-18T10:46:59 IST" duration-ms="29196">
      <class name="com.herokuapp.theinternet.LoginTests">
        <test-method is-config="true" signature="setUp(java.lang.String)[pri:0, instance:com.herokuapp.theinternet.LoginTests@73700b80]" started-at="2021-11-18T10:46:30 IST" name="setUp" finished-at="2021-11-18T10:46:49 IST" duration-ms="18392" status="PASS">
          <params>
            <param index="0">
              <value>
                <![CDATA[chrome]]>
              </value>
            </param>
          </params>
          <reporter-output>
          </reporter-output>
        </test-method> <!-- setUp -->
        <test-method signature="positiveLoginTest()[pri:1, instance:com.herokuapp.theinternet.LoginTests@73700b80]" started-at="2021-11-18T10:46:49 IST" name="positiveLoginTest" finished-at="2021-11-18T10:46:58 IST" duration-ms="9795" status="PASS">
          <reporter-output>
          </reporter-output>
        </test-method> <!-- positiveLoginTest -->
        <test-method is-config="true" signature="shutdownBrowser()[pri:0, instance:com.herokuapp.theinternet.LoginTests@73700b80]" started-at="2021-11-18T10:46:58 IST" name="shutdownBrowser" finished-at="2021-11-18T10:46:59 IST" duration-ms="917" status="PASS">
          <reporter-output>
          </reporter-output>
        </test-method> <!-- shutdownBrowser -->
      </class> <!-- com.herokuapp.theinternet.LoginTests -->
    </test> <!-- PositiveTests -->
    <test started-at="2021-11-18T10:46:59 IST" name="NegativeUsernameTests" finished-at="2021-11-18T10:47:15 IST" duration-ms="15323">
      <class name="com.herokuapp.theinternet.LoginTests">
        <test-method is-config="true" signature="setUp(java.lang.String)[pri:0, instance:com.herokuapp.theinternet.LoginTests@290222c1]" started-at="2021-11-18T10:46:59 IST" name="setUp" finished-at="2021-11-18T10:47:05 IST" duration-ms="5084" status="PASS">
          <params>
            <param index="0">
              <value>
                <![CDATA[chrome]]>
              </value>
            </param>
          </params>
          <reporter-output>
          </reporter-output>
        </test-method> <!-- setUp -->
        <test-method signature="negativeLoginTest(java.lang.String,java.lang.String,java.lang.String)[pri:2, instance:com.herokuapp.theinternet.LoginTests@290222c1]" started-at="2021-11-18T10:47:05 IST" name="negativeLoginTest" finished-at="2021-11-18T10:47:14 IST" duration-ms="9422" status="PASS">
          <params>
            <param index="0">
              <value>
                <![CDATA[incorrectUsername]]>
              </value>
            </param>
            <param index="1">
              <value>
                <![CDATA[SuperSecretPassword!]]>
              </value>
            </param>
            <param index="2">
              <value>
                <![CDATA[Your username is invalid!]]>
              </value>
            </param>
          </params>
          <reporter-output>
          </reporter-output>
        </test-method> <!-- negativeLoginTest -->
        <test-method is-config="true" signature="shutdownBrowser()[pri:0, instance:com.herokuapp.theinternet.LoginTests@290222c1]" started-at="2021-11-18T10:47:14 IST" name="shutdownBrowser" finished-at="2021-11-18T10:47:15 IST" duration-ms="808" status="PASS">
          <reporter-output>
          </reporter-output>
        </test-method> <!-- shutdownBrowser -->
      </class> <!-- com.herokuapp.theinternet.LoginTests -->
    </test> <!-- NegativeUsernameTests -->
    <test started-at="2021-11-18T10:47:15 IST" name="NegativePasswordTests" finished-at="2021-11-18T10:47:42 IST" duration-ms="27038">
      <class name="com.herokuapp.theinternet.LoginTests">
        <test-method is-config="true" signature="setUp(java.lang.String)[pri:0, instance:com.herokuapp.theinternet.LoginTests@27462a88]" started-at="2021-11-18T10:47:15 IST" name="setUp" finished-at="2021-11-18T10:47:29 IST" duration-ms="13938" status="PASS">
          <params>
            <param index="0">
              <value>
                <![CDATA[firefox]]>
              </value>
            </param>
          </params>
          <reporter-output>
          </reporter-output>
        </test-method> <!-- setUp -->
        <test-method signature="negativeLoginTest(java.lang.String,java.lang.String,java.lang.String)[pri:2, instance:com.herokuapp.theinternet.LoginTests@27462a88]" started-at="2021-11-18T10:47:29 IST" name="negativeLoginTest" finished-at="2021-11-18T10:47:40 IST" duration-ms="11393" status="PASS">
          <params>
            <param index="0">
              <value>
                <![CDATA[tomsmith]]>
              </value>
            </param>
            <param index="1">
              <value>
                <![CDATA[incorrectPassword!]]>
              </value>
            </param>
            <param index="2">
              <value>
                <![CDATA[Your password is invalid!]]>
              </value>
            </param>
          </params>
          <reporter-output>
          </reporter-output>
        </test-method> <!-- negativeLoginTest -->
        <test-method is-config="true" signature="shutdownBrowser()[pri:0, instance:com.herokuapp.theinternet.LoginTests@27462a88]" started-at="2021-11-18T10:47:40 IST" name="shutdownBrowser" finished-at="2021-11-18T10:47:42 IST" duration-ms="1700" status="PASS">
          <reporter-output>
          </reporter-output>
        </test-method> <!-- shutdownBrowser -->
      </class> <!-- com.herokuapp.theinternet.LoginTests -->
    </test> <!-- NegativePasswordTests -->
  </suite> <!-- NegativeTestsSuite -->
</testng-results>
