<?xml version="1.0" encoding="UTF-8"?>
<testng-results total="1" passed="1" failed="0" skipped="0">
  <reporter-output>
  </reporter-output>
  <suite started-at="2022-02-06T11:01:40Z" name="Default suite" finished-at="2022-02-06T11:01:49Z" duration-ms="8887">
    <groups>
    </groups>
    <test started-at="2022-02-06T11:01:40Z" name="Default test" finished-at="2022-02-06T11:01:49Z" duration-ms="8887">
      <class name="test.FirstSeleniumTest">
        <test-method signature="openSeleniumWebsite()[pri:0, instance:test.FirstSeleniumTest@1863d2fe]" started-at="2022-02-06T16:31:40Z" name="openSeleniumWebsite" finished-at="2022-02-06T16:31:49Z" duration-ms="8868" status="PASS">
          <reporter-output>
          </reporter-output>
        </test-method> <!-- openSeleniumWebsite -->
      </class> <!-- test.FirstSeleniumTest -->
    </test> <!-- Default test -->
  </suite> <!-- Default suite -->
</testng-results>
