<?xml version="1.0" encoding="UTF-8"?>
<testng-results ignored="0" total="4" passed="4" failed="0" skipped="0">
  <reporter-output>
  </reporter-output>
  <suite started-at="2021-11-17T18:12:41 IST" name="Default suite" finished-at="2021-11-17T18:12:41 IST" duration-ms="206">
    <groups>
    </groups>
    <test started-at="2021-11-17T18:12:41 IST" name="Default test" finished-at="2021-11-17T18:12:41 IST" duration-ms="206">
      <class name="test.JavaStreamsTest">
        <test-method signature="countTheNunmerOfAlphabets()[pri:0, instance:test.JavaStreamsTest@169e6180]" started-at="2021-11-17T18:12:41 IST" name="countTheNunmerOfAlphabets" finished-at="2021-11-17T18:12:41 IST" duration-ms="26" status="PASS">
          <reporter-output>
          </reporter-output>
        </test-method> <!-- countTheNunmerOfAlphabets -->
        <test-method signature="streamCollect()[pri:0, instance:test.JavaStreamsTest@169e6180]" started-at="2021-11-17T18:12:41 IST" name="streamCollect" finished-at="2021-11-17T18:12:41 IST" duration-ms="11" status="PASS">
          <reporter-output>
          </reporter-output>
        </test-method> <!-- streamCollect -->
        <test-method signature="streamFilterCountTheNumberOfAlphabets()[pri:0, instance:test.JavaStreamsTest@169e6180]" started-at="2021-11-17T18:12:41 IST" name="streamFilterCountTheNumberOfAlphabets" finished-at="2021-11-17T18:12:41 IST" duration-ms="8" status="PASS">
          <reporter-output>
          </reporter-output>
        </test-method> <!-- streamFilterCountTheNumberOfAlphabets -->
        <test-method signature="streamMap()[pri:0, instance:test.JavaStreamsTest@169e6180]" started-at="2021-11-17T18:12:41 IST" name="streamMap" finished-at="2021-11-17T18:12:41 IST" duration-ms="16" status="PASS">
          <reporter-output>
          </reporter-output>
        </test-method> <!-- streamMap -->
      </class> <!-- test.JavaStreamsTest -->
    </test> <!-- Default test -->
  </suite> <!-- Default suite -->
</testng-results>
